<?xml version="1.0" encoding="UTF-8"?>
<!-- Generated by org.testng.reporters.JUnitReportReporter -->
<testsuite hostname="da004665" name="com.cucumber.framework.runner.productCategory.TestProductsCountBasedOnColorRunner" tests="1" failures="0" timestamp="8 Mar 2018 13:30:30 GMT" time="48.780" errors="0">
  <testcase name="feature" time="48.780" classname="com.cucumber.framework.runner.productCategory.TestProductsCountBasedOnColorRunner"/>
</testsuite> <!-- com.cucumber.framework.runner.productCategory.TestProductsCountBasedOnColorRunner -->
